[debug] [2024-11-25T02:10:21.215Z] ----------------------------------------------------------------------
[debug] [2024-11-25T02:10:21.230Z] Command:       C:\Program Files\nodejs\node.exe C:\Users\Hp\AppData\Local\Yarn\Data\global\node_modules\firebase-tools\lib\bin\firebase.js init
[debug] [2024-11-25T02:10:21.232Z] CLI Version:   13.25.0
[debug] [2024-11-25T02:10:21.233Z] Platform:      win32
[debug] [2024-11-25T02:10:21.234Z] Node Version:  v20.18.1
[debug] [2024-11-25T02:10:21.235Z] Time:          Mon Nov 25 2024 03:10:21 GMT+0100 (West Africa Standard Time)
[debug] [2024-11-25T02:10:21.236Z] ----------------------------------------------------------------------
[debug] 
[debug] [2024-11-25T02:10:21.249Z] >>> [apiv2][query] GET https://firebase-public.firebaseio.com/cli.json [none]
[debug] [2024-11-25T02:10:21.723Z] > command requires scopes: ["email","openid","https://www.googleapis.com/auth/cloudplatformprojects.readonly","https://www.googleapis.com/auth/firebase","https://www.googleapis.com/auth/cloud-platform"]
[debug] [2024-11-25T02:10:21.725Z] > authorizing via signed-in user (omoladedamilola1989@gmail.com)
[info] 
     ######## #### ########  ######## ########     ###     ######  ########
     ##        ##  ##     ## ##       ##     ##  ##   ##  ##       ##
     ######    ##  ########  ######   ########  #########  ######  ######
     ##        ##  ##    ##  ##       ##     ## ##     ##       ## ##
     ##       #### ##     ## ######## ########  ##     ##  ######  ########

You're about to initialize a Firebase project in this directory:

  C:\Users\Hp\Desktop\pgproject\travel_advisor

Before we get started, keep in mind:

  * You are initializing within an existing Firebase project directory

[debug] [2024-11-25T02:10:22.330Z] <<< [apiv2][status] GET https://firebase-public.firebaseio.com/cli.json 200
[debug] [2024-11-25T02:10:22.331Z] <<< [apiv2][body] GET https://firebase-public.firebaseio.com/cli.json {"cloudBuildErrorAfter":1594252800000,"cloudBuildWarnAfter":1590019200000,"defaultNode10After":1594252800000,"minVersion":"3.0.5","node8DeploysDisabledAfter":1613390400000,"node8RuntimeDisabledAfter":1615809600000,"node8WarnAfter":1600128000000}
[info] 
=== Project Setup
[info] 
[info] First, let's associate this project directory with a Firebase project.
[info] You can create multiple project aliases by running firebase use --add, 
[info] but for now we'll just set up a default project.
[info] 
[debug] [2024-11-25T02:10:49.535Z] Using project from CLI flag: travel-advisorr
[debug] [2024-11-25T02:10:49.536Z] Checked if tokens are valid: false, expires at: 1731949607070
[debug] [2024-11-25T02:10:49.536Z] Checked if tokens are valid: false, expires at: 1731949607070
[debug] [2024-11-25T02:10:49.536Z] > refreshing access token with scopes: []
[debug] [2024-11-25T02:10:49.537Z] >>> [apiv2][query] POST https://www.googleapis.com/oauth2/v3/token [none]
[debug] [2024-11-25T02:10:49.537Z] >>> [apiv2][body] POST https://www.googleapis.com/oauth2/v3/token [omitted]
[debug] [2024-11-25T02:10:49.904Z] <<< [apiv2][status] POST https://www.googleapis.com/oauth2/v3/token 200
[debug] [2024-11-25T02:10:49.905Z] <<< [apiv2][body] POST https://www.googleapis.com/oauth2/v3/token [omitted]
[debug] [2024-11-25T02:10:49.937Z] >>> [apiv2][query] GET https://firebase.googleapis.com/v1beta1/projects/travel-advisorr [none]
[debug] [2024-11-25T02:10:50.355Z] <<< [apiv2][status] GET https://firebase.googleapis.com/v1beta1/projects/travel-advisorr 200
[debug] [2024-11-25T02:10:50.355Z] <<< [apiv2][body] GET https://firebase.googleapis.com/v1beta1/projects/travel-advisorr {"projectId":"travel-advisorr","projectNumber":"535687580736","displayName":"travel advisor","name":"projects/travel-advisorr","resources":{"hostingSite":"travel-advisorr"},"state":"ACTIVE","etag":"1_23d73af1-5b4a-4d28-92f0-9a491584aa0f"}
[info] i  Using project travel-advisorr (travel advisor) 
[info] 
=== Hosting Setup
[debug] [2024-11-25T02:10:50.378Z] Checked if tokens are valid: true, expires at: 1732504248905
[debug] [2024-11-25T02:10:50.379Z] Checked if tokens are valid: true, expires at: 1732504248905
[debug] [2024-11-25T02:10:50.381Z] >>> [apiv2][query] GET https://firebase.googleapis.com/v1beta1/projects/travel-advisorr [none]
[debug] [2024-11-25T02:10:50.606Z] <<< [apiv2][status] GET https://firebase.googleapis.com/v1beta1/projects/travel-advisorr 200
[debug] [2024-11-25T02:10:50.606Z] <<< [apiv2][body] GET https://firebase.googleapis.com/v1beta1/projects/travel-advisorr {"projectId":"travel-advisorr","projectNumber":"535687580736","displayName":"travel advisor","name":"projects/travel-advisorr","resources":{"hostingSite":"travel-advisorr"},"state":"ACTIVE","etag":"1_23d73af1-5b4a-4d28-92f0-9a491584aa0f"}
[info] 
[info] Your public directory is the folder (relative to your project directory) that
[info] will contain Hosting assets to be uploaded with firebase deploy. If you
[info] have a build process for your assets, use your build's output directory.
[info] 
[debug] [2024-11-25T02:11:55.630Z] >>> [apiv2][query] GET https://www.gstatic.com/firebasejs/releases.json [none]
[debug] [2024-11-25T02:11:55.947Z] <<< [apiv2][status] GET https://www.gstatic.com/firebasejs/releases.json 200
[debug] [2024-11-25T02:11:55.947Z] <<< [apiv2][body] GET https://www.gstatic.com/firebasejs/releases.json {"current":{"version":"11.0.2","browserURL":"https://www.gstatic.com/firebasejs/11.0.2/firebase.js","packageURL":"https://www.gstatic.com/firebasejs/11.0.2/firebase.tgz"},"live":{"version":"11.0","browserURL":"https://www.gstatic.com/firebasejs/live/11.0/firebase.js","packageURL":"https://www.gstatic.com/firebasejs/live/11.0/firebase.tgz"},"components":{"analytics":"https://www.gstatic.com/firebasejs/11.0.2/firebase-analytics.js","app":"https://www.gstatic.com/firebasejs/11.0.2/firebase-app.js","app-check":"https://www.gstatic.com/firebasejs/11.0.2/firebase-app-check.js","auth":"https://www.gstatic.com/firebasejs/11.0.2/firebase-auth.js","auth/cordova":"https://www.gstatic.com/firebasejs/11.0.2/firebase-auth/cordova.js","auth/web-extension":"https://www.gstatic.com/firebasejs/11.0.2/firebase-auth/web-extension.js","functions":"https://www.gstatic.com/firebasejs/11.0.2/firebase-functions.js","firestore":"https://www.gstatic.com/firebasejs/11.0.2/firebase-firestore.js","firestore/lite":"https://www.gstatic.com/firebasejs/11.0.2/firebase-firestore/lite.js","installations":"https://www.gstatic.com/firebasejs/11.0.2/firebase-installations.js","storage":"https://www.gstatic.com/firebasejs/11.0.2/firebase-storage.js","performance":"https://www.gstatic.com/firebasejs/11.0.2/firebase-performance.js","remote-config":"https://www.gstatic.com/firebasejs/11.0.2/firebase-remote-config.js","messaging":"https://www.gstatic.com/firebasejs/11.0.2/firebase-messaging.js","messaging/sw":"https://www.gstatic.com/firebasejs/11.0.2/firebase-messaging/sw.js","database":"https://www.gstatic.com/firebasejs/11.0.2/firebase-database.js","vertexai":"https://www.gstatic.com/firebasejs/11.0.2/firebase-vertexai.js","data-connect":"https://www.gstatic.com/firebasejs/11.0.2/firebase-data-connect.js","firestore.memory":"https://www.gstatic.com/firebasejs/11.0.2/firebase-firestore.memory.js"}}
[info] i  Skipping write of public/index.html 
[info] 
[info] i  Detected a .git folder at C:\Users\Hp\Desktop\pgproject\travel_advisor 
[info] i  Authorizing with GitHub to upload your service account to a GitHub repository's secrets store. 
[info] 
[info] Visit this URL on this device to log in:
[info] https://github.com/login/oauth/authorize?client_id=89cf50f02ac6aaed3484&state=719327916&redirect_uri=http%3A%2F%2Flocalhost%3A9005&scope=read%3Auser%20repo%20public_repo
[info] 
[info] Waiting for authentication...
[debug] [2024-11-25T02:12:02.935Z] >>> [apiv2][query] POST https://github.com/login/oauth/access_token [none]
[debug] [2024-11-25T02:12:02.936Z] >>> [apiv2][body] POST https://github.com/login/oauth/access_token [stream]
[debug] [2024-11-25T02:12:03.318Z] <<< [apiv2][status] POST https://github.com/login/oauth/access_token 200
[debug] [2024-11-25T02:12:03.318Z] <<< [apiv2][body] POST https://github.com/login/oauth/access_token {"access_token":"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","token_type":"bearer","scope":"read:user,repo"}
[debug] [2024-11-25T02:12:03.340Z] >>> [apiv2][query] GET https://api.github.com/user [none]
[debug] [2024-11-25T02:12:03.909Z] <<< [apiv2][status] GET https://api.github.com/user 200
[debug] [2024-11-25T02:12:03.909Z] <<< [apiv2][body] GET https://api.github.com/user {"login":"damialade","id":106777877,"node_id":"U_kgDOBl1NFQ","avatar_url":"https://avatars.githubusercontent.com/u/106777877?v=4","gravatar_id":"","url":"https://api.github.com/users/damialade","html_url":"https://github.com/damialade","followers_url":"https://api.github.com/users/damialade/followers","following_url":"https://api.github.com/users/damialade/following{/other_user}","gists_url":"https://api.github.com/users/damialade/gists{/gist_id}","starred_url":"https://api.github.com/users/damialade/starred{/owner}{/repo}","subscriptions_url":"https://api.github.com/users/damialade/subscriptions","organizations_url":"https://api.github.com/users/damialade/orgs","repos_url":"https://api.github.com/users/damialade/repos","events_url":"https://api.github.com/users/damialade/events{/privacy}","received_events_url":"https://api.github.com/users/damialade/received_events","type":"User","user_view_type":"private","site_admin":false,"name":"Damilola Aladeokin","company":null,"blog":"","location":null,"email":null,"hireable":null,"bio":"Front-End Engineer","twitter_username":null,"notification_email":null,"public_repos":8,"public_gists":0,"followers":1,"following":0,"created_at":"2022-06-02T21:01:39Z","updated_at":"2024-10-29T23:07:20Z","private_gists":0,"total_private_repos":0,"owned_private_repos":0,"disk_usage":30917,"collaborators":0,"two_factor_authentication":false,"plan":{"name":"free","space":976562499,"collaborators":0,"private_repos":10000}}
[info] 
[info] +  Success! Logged into GitHub as damialade 
[info] 
